<?xml version="1.0" encoding="UTF-8"?>
<!-- Generated by org.testng.reporters.JUnitXMLReporter -->
<testsuite ignored="0" hostname="L-INE-7DDSCL3" failures="1" tests="6" name="Surefire test" time="67.323" errors="0" timestamp="2024-07-08T00:11:29 IST">
  <testcase classname="SeleniumTesting.ErrorValidationTest" name="erroValidLoginPage" time="0.712">
    <skipped/>
  </testcase> <!-- erroValidLoginPage -->
  <testcase classname="SeleniumTesting.ErrorValidationTest" name="erroValidLoginPage" time="0.541">
    <failure type="java.lang.AssertionError" message="expected [Incorrect email or password.] but found [Incorrect email  password.]">
      <![CDATA[java.lang.AssertionError: expected [Incorrect email or password.] but found [Incorrect email  password.]
at SeleniumTesting.ErrorValidationTest.erroValidLoginPage(ErrorValidationTest.java:24)
at java.base/java.util.ArrayList.forEach(ArrayList.java:1597)
... Removed 36 stack frames]]>
    </failure>
  </testcase> <!-- erroValidLoginPage -->
  <testcase classname="SeleniumTesting.ErrorValidationTest" name="productNameValidation" time="13.732"/>
  <testcase classname="SeleniumTesting.SubmitOrderTest" name="submitOrder" time="15.507"/>
  <testcase classname="SeleniumTesting.SubmitOrderTest" name="submitOrder" time="15.403"/>
  <testcase classname="SeleniumTesting.SubmitOrderTest" name="OrderHistoryTest" time="0.626"/>
</testsuite> <!-- Surefire test -->
