<?xml version="1.0" encoding="UTF-8"?>
<!-- Generated by org.testng.reporters.JUnitXMLReporter -->
<testsuite ignored="0" hostname="L-INE-7DDSCL3" failures="1" tests="3" name="Error Validation Test" time="25.097" errors="0" timestamp="2024-07-03T00:12:41 IST">
  <testcase classname="SeleniumTesting.ErrorValidationTest" name="erroValidLoginPage" time="1.489">
    <skipped/>
  </testcase> <!-- erroValidLoginPage -->
  <testcase classname="SeleniumTesting.ErrorValidationTest" name="erroValidLoginPage" time="0.639">
    <failure type="java.lang.AssertionError" message="expected [Incorrect email or password.] but found [Incorrect email  password.]">
      <![CDATA[java.lang.AssertionError: expected [Incorrect email or password.] but found [Incorrect email  password.]
at SeleniumTesting.ErrorValidationTest.erroValidLoginPage(ErrorValidationTest.java:24)
at java.base/java.util.ArrayList.forEach(ArrayList.java:1511)
at java.base/java.util.concurrent.FutureTask.run(FutureTask.java:264)
at java.base/java.util.concurrent.ThreadPoolExecutor.runWorker(ThreadPoolExecutor.java:1136)
at java.base/java.util.concurrent.ThreadPoolExecutor$Worker.run(ThreadPoolExecutor.java:635)
at java.base/java.lang.Thread.run(Thread.java:840)
... Removed 23 stack frames]]>
    </failure>
  </testcase> <!-- erroValidLoginPage -->
  <testcase classname="SeleniumTesting.ErrorValidationTest" name="productNameValidation" time="14.053"/>
</testsuite> <!-- Error Validation Test -->
