<!DOCTYPE html PUBLIC "-//W3C//DTD XHTML 1.1//EN" "https://www.w3.org/TR/xhtml11/DTD/xhtml11.dtd">
<html xmlns="https://www.w3.org/1999/xhtml">
<head>
<meta http-equiv="content-type" content="text/html; charset=UTF-8"/>
<title>TestNG Report</title>
<style type="text/css">table {margin-bottom:10px;border-collapse:collapse;empty-cells:show}th,td {border:1px solid #009;padding:.25em .5em}th {vertical-align:bottom}td {vertical-align:top}table a {font-weight:bold}.stripe td {background-color: #E6EBF9}.num {text-align:right}.passedodd td {background-color: #3F3}.passedeven td {background-color: #0A0}.skippedodd td {background-color: #DDD}.skippedeven td {background-color: #CCC}.failedodd td,.attn {background-color: #F33}.failedeven td,.stripe .attn {background-color: #D00}.stacktrace {white-space:pre;font-family:monospace}.totop {font-size:85%;text-align:center;border-bottom:2px solid #000}.invisible {display:none}</style>
</head>
<body>
<table>
<tr><th>Test</th><th># Passed</th><th># Skipped</th><th># Retried</th><th># Failed</th><th>Time (ms)</th><th>Included Groups</th><th>Excluded Groups</th></tr>
<tr><th colspan="8">Suite</th></tr>
<tr><td><a href="#t0">Error Validation Test</a></td><td class="num">1</td><td class="num">0</td><td class="num attn">1</td><td class="num attn">1</td><td class="num">25,097</td><td></td><td></td></tr>
<tr class="stripe"><td><a href="#t1">Submit Order Test</a></td><td class="num">3</td><td class="num">0</td><td class="num">0</td><td class="num">0</td><td class="num">29,427</td><td></td><td></td></tr>
<tr><th>Total</th><th class="num">4</th><th class="num">0</th><th class="num attn">1</th><th class="num attn">1</th><th class="num">54,524</th><th colspan="2"></th></tr>
</table>
<table id='summary'><thead><tr><th>Class</th><th>Method</th><th>Start</th><th>Time (ms)</th></tr></thead><tbody><tr><th colspan="4">Suite</th></tr></tbody><tbody id="t0"><tr><th colspan="4">Error Validation Test &#8212; failed</th></tr><tr class="failedeven"><td rowspan="1">SeleniumTesting.ErrorValidationTest</td><td><a href="#m0">erroValidLoginPage</a></td><td rowspan="1">1719945742124</td><td rowspan="1">639</td></tr><tr><th colspan="4">Error Validation Test &#8212; retried</th></tr><tr class="retriedeven"><td rowspan="1">SeleniumTesting.ErrorValidationTest</td><td><a href="#m1">erroValidLoginPage</a></td><td rowspan="1">1719945738727</td><td rowspan="1">1489</td></tr><tr><th colspan="4">Error Validation Test &#8212; passed</th></tr><tr class="passedeven"><td rowspan="1">SeleniumTesting.ErrorValidationTest</td><td><a href="#m2">productNameValidation</a></td><td rowspan="1">1719945745670</td><td rowspan="1">14053</td></tr></tbody>
<tbody id="t1"><tr><th colspan="4">Submit Order Test &#8212; passed</th></tr><tr class="passedeven"><td rowspan="3">SeleniumTesting.SubmitOrderTest</td><td><a href="#m3">OrderHistoryTest</a></td><td rowspan="1">1719945763611</td><td rowspan="1">734</td></tr><tr class="passedeven"><td><a href="#m4">submitOrder</a></td><td rowspan="2">1719945745434</td><td rowspan="2">15525</td></tr><tr class="passedeven"><td><a href="#m5">submitOrder</a></td></tr></tbody>
</table>
<h2>Error Validation Test</h2><h3 id="m0">SeleniumTesting.ErrorValidationTest#erroValidLoginPage</h3><table class="result"><tr><th>Exception</th></tr><tr><td><div class="stacktrace">java.lang.AssertionError: expected [Incorrect email or password.] but found [Incorrect email  password.]
	at SeleniumTesting.ErrorValidationTest.erroValidLoginPage(ErrorValidationTest.java:24)
	at java.base/java.util.ArrayList.forEach(ArrayList.java:1511)
	at java.base/java.util.concurrent.FutureTask.run(FutureTask.java:264)
	at java.base/java.util.concurrent.ThreadPoolExecutor.runWorker(ThreadPoolExecutor.java:1136)
	at java.base/java.util.concurrent.ThreadPoolExecutor$Worker.run(ThreadPoolExecutor.java:635)
	at java.base/java.lang.Thread.run(Thread.java:840)
... Removed 23 stack frames</div></td></tr></table><p class="totop"><a href="#summary">back to summary</a></p>
<h3 id="m1">SeleniumTesting.ErrorValidationTest#erroValidLoginPage</h3><table class="result"><tr><th>Exception</th></tr><tr><td><div class="stacktrace">java.lang.AssertionError: expected [Incorrect email or password.] but found [Incorrect email  password.]
	at SeleniumTesting.ErrorValidationTest.erroValidLoginPage(ErrorValidationTest.java:24)
	at java.base/java.util.ArrayList.forEach(ArrayList.java:1511)
	at java.base/java.util.concurrent.FutureTask.run(FutureTask.java:264)
	at java.base/java.util.concurrent.ThreadPoolExecutor.runWorker(ThreadPoolExecutor.java:1136)
	at java.base/java.util.concurrent.ThreadPoolExecutor$Worker.run(ThreadPoolExecutor.java:635)
	at java.base/java.lang.Thread.run(Thread.java:840)
... Removed 23 stack frames</div></td></tr></table><p class="totop"><a href="#summary">back to summary</a></p>
<h3 id="m2">SeleniumTesting.ErrorValidationTest#productNameValidation</h3><table class="result"><tr><th class="invisible"/></tr></table><p class="totop"><a href="#summary">back to summary</a></p>
<h2>Submit Order Test</h2><h3 id="m3">SeleniumTesting.SubmitOrderTest#OrderHistoryTest</h3><table class="result"><tr><th class="invisible"/></tr></table><p class="totop"><a href="#summary">back to summary</a></p>
<h3 id="m4">SeleniumTesting.SubmitOrderTest#submitOrder</h3><table class="result"><tr class="param"><th>Parameter #1</th></tr><tr class="param stripe"><td>{product=IPHONE 13 PRO, email=tester1_automation@gmail.com, Password=Huskar123@#}</td></tr></table><p class="totop"><a href="#summary">back to summary</a></p>
<h3 id="m5">SeleniumTesting.SubmitOrderTest#submitOrder</h3><table class="result"><tr class="param"><th>Parameter #1</th></tr><tr class="param stripe"><td>{product=ZARA COAT 3, email=tester1_automation@gmail.com, Password=Huskar123@#}</td></tr></table><p class="totop"><a href="#summary">back to summary</a></p>
</body>
</html>
