<?xml version="1.0" encoding="UTF-8"?>
<testng-results retried="1" ignored="1" total="7" passed="4" failed="1" skipped="0">
  <reporter-output>
  </reporter-output>
  <suite started-at="2024-07-03T00:12:15 IST" name="Suite" finished-at="2024-07-03T00:12:44 IST" duration-ms="29427">
    <groups>
      <group name="Purchase">
        <method signature="SubmitOrderTest.submitOrder(java.util.HashMap)[pri:0, instance:SeleniumTesting.SubmitOrderTest@40db2a24]" name="submitOrder" class="SeleniumTesting.SubmitOrderTest"/>
      </group> <!-- Purchase -->
      <group name="errorHandling">
        <method signature="ErrorValidationTest.erroValidLoginPage()[pri:0, instance:SeleniumTesting.ErrorValidationTest@2a448449]" name="erroValidLoginPage" class="SeleniumTesting.ErrorValidationTest"/>
      </group> <!-- errorHandling -->
    </groups>
    <test started-at="2024-07-03T00:12:15 IST" name="Error Validation Test" finished-at="2024-07-03T00:12:40 IST" duration-ms="25097">
      <class name="SeleniumTesting.ErrorValidationTest">
        <test-method is-config="true" signature="launchApplication()[pri:0, instance:SeleniumTesting.ErrorValidationTest@2a448449]" started-at="2024-07-03T00:12:15 IST" name="launchApplication" finished-at="2024-07-03T00:12:18 IST" duration-ms="3432" status="PASS">
          <reporter-output>
          </reporter-output>
        </test-method> <!-- launchApplication -->
        <test-method retried="true" signature="erroValidLoginPage()[pri:0, instance:SeleniumTesting.ErrorValidationTest@2a448449]" started-at="2024-07-03T00:12:18 IST" name="erroValidLoginPage" finished-at="2024-07-03T00:12:20 IST" duration-ms="1489" status="SKIP">
          <exception class="java.lang.AssertionError">
            <message>
              <![CDATA[expected [Incorrect email or password.] but found [Incorrect email  password.]]]>
            </message>
            <full-stacktrace>
              <![CDATA[java.lang.AssertionError: expected [Incorrect email or password.] but found [Incorrect email  password.]
at org.testng.Assert.fail(Assert.java:111)
at org.testng.Assert.failNotEquals(Assert.java:1578)
at org.testng.Assert.assertEqualsImpl(Assert.java:150)
at org.testng.Assert.assertEquals(Assert.java:132)
at org.testng.Assert.assertEquals(Assert.java:656)
at org.testng.Assert.assertEquals(Assert.java:666)
at SeleniumTesting.ErrorValidationTest.erroValidLoginPage(ErrorValidationTest.java:24)
at java.base/jdk.internal.reflect.NativeMethodAccessorImpl.invoke0(Native Method)
at java.base/jdk.internal.reflect.NativeMethodAccessorImpl.invoke(NativeMethodAccessorImpl.java:77)
at java.base/jdk.internal.reflect.DelegatingMethodAccessorImpl.invoke(DelegatingMethodAccessorImpl.java:43)
at java.base/java.lang.reflect.Method.invoke(Method.java:568)
at org.testng.internal.invokers.MethodInvocationHelper.invokeMethod(MethodInvocationHelper.java:141)
at org.testng.internal.invokers.TestInvoker.invokeMethod(TestInvoker.java:686)
at org.testng.internal.invokers.TestInvoker.invokeTestMethod(TestInvoker.java:230)
at org.testng.internal.invokers.MethodRunner.runInSequence(MethodRunner.java:63)
at org.testng.internal.invokers.TestInvoker$MethodInvocationAgent.invoke(TestInvoker.java:992)
at org.testng.internal.invokers.TestInvoker.invokeTestMethods(TestInvoker.java:203)
at org.testng.internal.invokers.TestMethodWorker.invokeTestMethods(TestMethodWorker.java:154)
at org.testng.internal.invokers.TestMethodWorker.run(TestMethodWorker.java:134)
at java.base/java.util.ArrayList.forEach(ArrayList.java:1511)
at org.testng.TestRunner.privateRun(TestRunner.java:739)
at org.testng.TestRunner.run(TestRunner.java:614)
at org.testng.SuiteRunner.runTest(SuiteRunner.java:421)
at org.testng.SuiteRunner$SuiteWorker.run(SuiteRunner.java:463)
at org.testng.internal.thread.ThreadUtil.lambda$execute$0(ThreadUtil.java:64)
at java.base/java.util.concurrent.FutureTask.run(FutureTask.java:264)
at java.base/java.util.concurrent.ThreadPoolExecutor.runWorker(ThreadPoolExecutor.java:1136)
at java.base/java.util.concurrent.ThreadPoolExecutor$Worker.run(ThreadPoolExecutor.java:635)
at java.base/java.lang.Thread.run(Thread.java:840)
]]>
            </full-stacktrace>
          </exception> <!-- java.lang.AssertionError -->
          <reporter-output>
          </reporter-output>
        </test-method> <!-- erroValidLoginPage -->
        <test-method is-config="true" signature="tearDown()[pri:0, instance:SeleniumTesting.ErrorValidationTest@2a448449]" started-at="2024-07-03T00:12:20 IST" name="tearDown" finished-at="2024-07-03T00:12:20 IST" duration-ms="295" status="PASS">
          <reporter-output>
          </reporter-output>
        </test-method> <!-- tearDown -->
        <test-method is-config="true" signature="launchApplication()[pri:0, instance:SeleniumTesting.ErrorValidationTest@2a448449]" started-at="2024-07-03T00:12:20 IST" name="launchApplication" finished-at="2024-07-03T00:12:22 IST" duration-ms="1606" status="PASS">
          <reporter-output>
          </reporter-output>
        </test-method> <!-- launchApplication -->
        <test-method signature="erroValidLoginPage()[pri:0, instance:SeleniumTesting.ErrorValidationTest@2a448449]" started-at="2024-07-03T00:12:22 IST" name="erroValidLoginPage" finished-at="2024-07-03T00:12:22 IST" duration-ms="639" status="FAIL">
          <exception class="java.lang.AssertionError">
            <message>
              <![CDATA[expected [Incorrect email or password.] but found [Incorrect email  password.]]]>
            </message>
            <full-stacktrace>
              <![CDATA[java.lang.AssertionError: expected [Incorrect email or password.] but found [Incorrect email  password.]
at org.testng.Assert.fail(Assert.java:111)
at org.testng.Assert.failNotEquals(Assert.java:1578)
at org.testng.Assert.assertEqualsImpl(Assert.java:150)
at org.testng.Assert.assertEquals(Assert.java:132)
at org.testng.Assert.assertEquals(Assert.java:656)
at org.testng.Assert.assertEquals(Assert.java:666)
at SeleniumTesting.ErrorValidationTest.erroValidLoginPage(ErrorValidationTest.java:24)
at java.base/jdk.internal.reflect.NativeMethodAccessorImpl.invoke0(Native Method)
at java.base/jdk.internal.reflect.NativeMethodAccessorImpl.invoke(NativeMethodAccessorImpl.java:77)
at java.base/jdk.internal.reflect.DelegatingMethodAccessorImpl.invoke(DelegatingMethodAccessorImpl.java:43)
at java.base/java.lang.reflect.Method.invoke(Method.java:568)
at org.testng.internal.invokers.MethodInvocationHelper.invokeMethod(MethodInvocationHelper.java:141)
at org.testng.internal.invokers.TestInvoker.invokeMethod(TestInvoker.java:686)
at org.testng.internal.invokers.TestInvoker.retryFailed(TestInvoker.java:269)
at org.testng.internal.invokers.MethodRunner.runInSequence(MethodRunner.java:76)
at org.testng.internal.invokers.TestInvoker$MethodInvocationAgent.invoke(TestInvoker.java:992)
at org.testng.internal.invokers.TestInvoker.invokeTestMethods(TestInvoker.java:203)
at org.testng.internal.invokers.TestMethodWorker.invokeTestMethods(TestMethodWorker.java:154)
at org.testng.internal.invokers.TestMethodWorker.run(TestMethodWorker.java:134)
at java.base/java.util.ArrayList.forEach(ArrayList.java:1511)
at org.testng.TestRunner.privateRun(TestRunner.java:739)
at org.testng.TestRunner.run(TestRunner.java:614)
at org.testng.SuiteRunner.runTest(SuiteRunner.java:421)
at org.testng.SuiteRunner$SuiteWorker.run(SuiteRunner.java:463)
at org.testng.internal.thread.ThreadUtil.lambda$execute$0(ThreadUtil.java:64)
at java.base/java.util.concurrent.FutureTask.run(FutureTask.java:264)
at java.base/java.util.concurrent.ThreadPoolExecutor.runWorker(ThreadPoolExecutor.java:1136)
at java.base/java.util.concurrent.ThreadPoolExecutor$Worker.run(ThreadPoolExecutor.java:635)
at java.base/java.lang.Thread.run(Thread.java:840)
]]>
            </full-stacktrace>
          </exception> <!-- java.lang.AssertionError -->
          <reporter-output>
          </reporter-output>
        </test-method> <!-- erroValidLoginPage -->
        <test-method is-config="true" signature="tearDown()[pri:0, instance:SeleniumTesting.ErrorValidationTest@2a448449]" started-at="2024-07-03T00:12:23 IST" name="tearDown" finished-at="2024-07-03T00:12:23 IST" duration-ms="307" status="PASS">
          <reporter-output>
          </reporter-output>
        </test-method> <!-- tearDown -->
        <test-method is-config="true" signature="launchApplication()[pri:0, instance:SeleniumTesting.ErrorValidationTest@2a448449]" started-at="2024-07-03T00:12:23 IST" name="launchApplication" finished-at="2024-07-03T00:12:25 IST" duration-ms="2300" status="PASS">
          <reporter-output>
          </reporter-output>
        </test-method> <!-- launchApplication -->
        <test-method signature="productNameValidation()[pri:0, instance:SeleniumTesting.ErrorValidationTest@2a448449]" started-at="2024-07-03T00:12:25 IST" name="productNameValidation" finished-at="2024-07-03T00:12:39 IST" duration-ms="14053" status="PASS">
          <reporter-output>
          </reporter-output>
        </test-method> <!-- productNameValidation -->
        <test-method is-config="true" signature="tearDown()[pri:0, instance:SeleniumTesting.ErrorValidationTest@2a448449]" started-at="2024-07-03T00:12:39 IST" name="tearDown" finished-at="2024-07-03T00:12:40 IST" duration-ms="599" status="PASS">
          <reporter-output>
          </reporter-output>
        </test-method> <!-- tearDown -->
      </class> <!-- SeleniumTesting.ErrorValidationTest -->
    </test> <!-- Error Validation Test -->
    <test started-at="2024-07-03T00:12:15 IST" name="Submit Order Test" finished-at="2024-07-03T00:12:44 IST" duration-ms="29427">
      <class name="SeleniumTesting.SubmitOrderTest">
        <test-method is-config="true" signature="launchApplication()[pri:0, instance:SeleniumTesting.SubmitOrderTest@40db2a24]" started-at="2024-07-03T00:12:15 IST" name="launchApplication" finished-at="2024-07-03T00:12:18 IST" duration-ms="3085" status="PASS">
          <reporter-output>
          </reporter-output>
        </test-method> <!-- launchApplication -->
        <test-method signature="submitOrder(java.util.HashMap)[pri:0, instance:SeleniumTesting.SubmitOrderTest@40db2a24]" started-at="2024-07-03T00:12:18 IST" name="submitOrder" data-provider="getData" finished-at="2024-07-03T00:12:22 IST" duration-ms="4151" status="PASS">
          <params>
            <param index="0">
              <value>
                <![CDATA[{product=ZARA COAT 3, email=tester1_automation@gmail.com, Password=Huskar123@#}]]>
              </value>
            </param>
          </params>
          <reporter-output>
          </reporter-output>
        </test-method> <!-- submitOrder -->
        <test-method is-config="true" signature="tearDown()[pri:0, instance:SeleniumTesting.SubmitOrderTest@40db2a24]" started-at="2024-07-03T00:12:22 IST" name="tearDown" finished-at="2024-07-03T00:12:23 IST" duration-ms="308" status="PASS">
          <reporter-output>
          </reporter-output>
        </test-method> <!-- tearDown -->
        <test-method is-config="true" signature="launchApplication()[pri:0, instance:SeleniumTesting.SubmitOrderTest@40db2a24]" started-at="2024-07-03T00:12:23 IST" name="launchApplication" finished-at="2024-07-03T00:12:25 IST" duration-ms="2256" status="PASS">
          <reporter-output>
          </reporter-output>
        </test-method> <!-- launchApplication -->
        <test-method signature="submitOrder(java.util.HashMap)[pri:0, instance:SeleniumTesting.SubmitOrderTest@40db2a24]" started-at="2024-07-03T00:12:25 IST" name="submitOrder" data-provider="getData" finished-at="2024-07-03T00:12:40 IST" duration-ms="15525" status="PASS">
          <params>
            <param index="0">
              <value>
                <![CDATA[{product=IPHONE 13 PRO, email=tester1_automation@gmail.com, Password=Huskar123@#}]]>
              </value>
            </param>
          </params>
          <reporter-output>
          </reporter-output>
        </test-method> <!-- submitOrder -->
        <test-method is-config="true" signature="tearDown()[pri:0, instance:SeleniumTesting.SubmitOrderTest@40db2a24]" started-at="2024-07-03T00:12:40 IST" name="tearDown" finished-at="2024-07-03T00:12:42 IST" duration-ms="1113" status="PASS">
          <reporter-output>
          </reporter-output>
        </test-method> <!-- tearDown -->
        <test-method is-config="true" signature="launchApplication()[pri:0, instance:SeleniumTesting.SubmitOrderTest@40db2a24]" started-at="2024-07-03T00:12:42 IST" name="launchApplication" finished-at="2024-07-03T00:12:43 IST" duration-ms="1522" status="PASS">
          <reporter-output>
          </reporter-output>
        </test-method> <!-- launchApplication -->
        <test-method signature="OrderHistoryTest()[pri:0, instance:SeleniumTesting.SubmitOrderTest@40db2a24]" started-at="2024-07-03T00:12:43 IST" name="OrderHistoryTest" finished-at="2024-07-03T00:12:44 IST" depends-on-methods="SeleniumTesting.SubmitOrderTest.submitOrder" duration-ms="734" status="PASS">
          <reporter-output>
          </reporter-output>
        </test-method> <!-- OrderHistoryTest -->
        <test-method is-config="true" signature="tearDown()[pri:0, instance:SeleniumTesting.SubmitOrderTest@40db2a24]" started-at="2024-07-03T00:12:44 IST" name="tearDown" finished-at="2024-07-03T00:12:44 IST" duration-ms="310" status="PASS">
          <reporter-output>
          </reporter-output>
        </test-method> <!-- tearDown -->
      </class> <!-- SeleniumTesting.SubmitOrderTest -->
    </test> <!-- Submit Order Test -->
  </suite> <!-- Suite -->
</testng-results>
